<?xml version="1.0" encoding="UTF-8"?>
<!-- Generated by org.testng.reporters.JUnitReportReporter -->
<testsuite hostname="LAPTOP-G64NOMML" failures="0" tests="2" name="qa.com.testng.TestngAnnotations" time="0.013" errors="0" timestamp="8 Aug 2025 11:59:26 GMT">
  <testcase classname="qa.com.testng.TestngAnnotations" name="test" time="0.009"/>
  <testcase classname="qa.com.testng.TestngAnnotations" name="test1" time="0.004"/>
</testsuite> <!-- qa.com.testng.TestngAnnotations -->
